<?xml version="1.0" encoding="UTF-8"?>
<testsuite name="io.daves.engineering.MainTest" tests="1" skipped="0" failures="0" errors="0" timestamp="2022-12-13T20:15:35" hostname="Davides-MacBook-Pro-2.local" time="0.008">
  <properties/>
  <testcase name="test()" classname="io.daves.engineering.MainTest" time="0.008"/>
  <system-out><![CDATA[]]></system-out>
  <system-err><![CDATA[]]></system-err>
</testsuite>
